0 info it worked if it ends with ok
1 verbose cli [ 'C:\\Program Files\\nodejs\\node.exe',
1 verbose cli   'C:\\Program Files\\nodejs\\node_modules\\npm\\bin\\npm-cli.js',
1 verbose cli   'run',
1 verbose cli   'server' ]
2 info using npm@3.10.9
3 info using node@v7.1.0
4 verbose run-script [ 'preserver', 'server', 'postserver' ]
5 info lifecycle event-dispatcher@1.0.5~preserver: event-dispatcher@1.0.5
6 silly lifecycle event-dispatcher@1.0.5~preserver: no script for preserver, continuing
7 info lifecycle event-dispatcher@1.0.5~server: event-dispatcher@1.0.5
8 verbose lifecycle event-dispatcher@1.0.5~server: unsafe-perm in lifecycle true
9 verbose lifecycle event-dispatcher@1.0.5~server: PATH: C:\Users\iFrame\AppData\Roaming\nvm\v7.1.0\node_modules\npm\bin\node-gyp-bin;d:\www\my\js-event-dispatcher\node_modules\.bin;C:\Program Files (x86)\NVIDIA Corporation\PhysX\Common;C:\Users\iFrame\.windows-build-tools\python27\;C:\Users\iFrame\.windows-build-tools\python27\Scripts;C:\ProgramData\Oracle\Java\javapath;c:\Program Files\Java\jdk1.8.0_45\bin;C:\Program Files (x86)\Lenovo\FusionEngine;C:\Program Files (x86)\Intel\iCLS Client\;C:\Program Files\Intel\iCLS Client\;C:\windows\system32;C:\windows;C:\windows\System32\Wbem;C:\windows\System32\WindowsPowerShell\v1.0\;C:\Program Files\Intel\Intel(R) Management Engine Components\DAL;C:\Program Files (x86)\Intel\Intel(R) Management Engine Components\DAL;C:\Program Files\Intel\Intel(R) Management Engine Components\IPT;C:\Program Files (x86)\Intel\Intel(R) Management Engine Components\IPT;C:\Program Files (x86)\ATI Technologies\ATI.ACE\Core-Static;C:\Program Files (x86)\Lenovo\Motion Control\;C:\Program Files\TortoiseGit\bin;C:\Program Files (x86)\AMD\ATI.ACE\Core-Static;C:\Program Files\TortoiseSVN\bin;c:\MinGW\bin;c:\MinGW\msys\1.0\bin;C:\Program Files (x86)\Microsoft SDKs\TypeScript\1.0\;C:\Program Files (x86)\Windows Kits\8.1\Windows Performance Toolkit\;C:\Program Files\Intel\WiFi\bin\;C:\Program Files\Common Files\Intel\WirelessCommon\;C:\Program Files (x86)\Windows Live\Shared;d:\Server\PHP7\;C:\ProgramData\ComposerSetup\bin;c:\android-sdk\tools\;c:\android-sdk\platform-tools\;C:\Program Files\OpenVPN\bin;d:\steam\steamapps\common\d3dgear;d:\steam\steamapps\common\d3dgear;C:\Program Files (x86)\Skype\Phone\;c:\Ruby22\bin\;c:\Ruby22\ansicon\;C:\Users\iFrame\AppData\Roaming\nvm;C:\Program Files\nodejs;c:\Program Files\MongoDB\Server\3.4\bin\;C:\Program Files\Git\cmd;C:\Program Files\Git\mingw64\bin;C:\Program Files\Git\usr\bin;C:\Users\iFrame\AppData\Roaming\npm;c:\Program Files (x86)\Microsoft Visual C++ Compiler Nov 2013 CTP\bin;d:\Server\PHP7\;C:\Program Files (x86)\Microsoft VS Code\bin;C:\Users\iFrame\AppData\Roaming\nvm;C:\Program Files\nodejs;C:\Program Files\Docker Toolbox
10 verbose lifecycle event-dispatcher@1.0.5~server: CWD: d:\www\my\js-event-dispatcher
11 silly lifecycle event-dispatcher@1.0.5~server: Args: [ '/d /s /c',
11 silly lifecycle   'webpack-dev-server --port 8081 --config webpack.config.main.js --open \'http://localhost:8080/example/\'' ]
12 silly lifecycle event-dispatcher@1.0.5~server: Returned: code: 3221225786  signal: null
13 info lifecycle event-dispatcher@1.0.5~server: Failed to exec server script
14 verbose stack Error: event-dispatcher@1.0.5 server: `webpack-dev-server --port 8081 --config webpack.config.main.js --open 'http://localhost:8080/example/'`
14 verbose stack Exit status 3221225786
14 verbose stack     at EventEmitter.<anonymous> (C:\Users\iFrame\AppData\Roaming\nvm\v7.1.0\node_modules\npm\lib\utils\lifecycle.js:255:16)
14 verbose stack     at emitTwo (events.js:106:13)
14 verbose stack     at EventEmitter.emit (events.js:191:7)
14 verbose stack     at ChildProcess.<anonymous> (C:\Users\iFrame\AppData\Roaming\nvm\v7.1.0\node_modules\npm\lib\utils\spawn.js:40:14)
14 verbose stack     at emitTwo (events.js:106:13)
14 verbose stack     at ChildProcess.emit (events.js:191:7)
14 verbose stack     at maybeClose (internal/child_process.js:885:16)
14 verbose stack     at Process.ChildProcess._handle.onexit (internal/child_process.js:226:5)
15 verbose pkgid event-dispatcher@1.0.5
16 verbose cwd d:\www\my\js-event-dispatcher
17 error Windows_NT 6.3.9600
18 error argv "C:\\Program Files\\nodejs\\node.exe" "C:\\Program Files\\nodejs\\node_modules\\npm\\bin\\npm-cli.js" "run" "server"
19 error node v7.1.0
20 error npm  v3.10.9
21 error code ELIFECYCLE
22 error event-dispatcher@1.0.5 server: `webpack-dev-server --port 8081 --config webpack.config.main.js --open 'http://localhost:8080/example/'`
22 error Exit status 3221225786
23 error Failed at the event-dispatcher@1.0.5 server script 'webpack-dev-server --port 8081 --config webpack.config.main.js --open 'http://localhost:8080/example/''.
23 error Make sure you have the latest version of node.js and npm installed.
23 error If you do, this is most likely a problem with the event-dispatcher package,
23 error not with npm itself.
23 error Tell the author that this fails on your system:
23 error     webpack-dev-server --port 8081 --config webpack.config.main.js --open 'http://localhost:8080/example/'
23 error You can get information on how to open an issue for this project with:
23 error     npm bugs event-dispatcher
23 error Or if that isn't available, you can get their info via:
23 error     npm owner ls event-dispatcher
23 error There is likely additional logging output above.
24 verbose exit [ 1, true ]
